Using pre-set license
Built from '2020.3/staging' branch; Version is '2020.3.8f1 (507919d4fff5) revision 5273881'; Using compiler version '192528614'; Build Type 'Release'
OS: 'Windows 10 Pro; OS build 19044.1766; Version 2009; 64bit' Language: 'ko' Physical Memory: 32678 MB
BatchMode: 1, IsHumanControllingUs: 0, StartBugReporterOnCrash: 0, Is64bit: 1, IsPro: 0

 COMMAND LINE ARGUMENTS:
C:\Program Files\Unity\Hub\Editor\2020.3.8f1\Editor\Unity.exe
-adb2
-batchMode
-noUpm
-name
AssetImportWorker0
-projectPath
C:/Users/user/Desktop/중요!!! 게임파일!!!/프로젝트/Team-Wam/DieOut
-logFile
Logs/AssetImportWorker0.log
-srvPort
50479
Successfully changed project path to: C:/Users/user/Desktop/중요!!! 게임파일!!!/프로젝트/Team-Wam/DieOut
C:/Users/user/Desktop/중요!!! 게임파일!!!/프로젝트/Team-Wam/DieOut
Using Asset Import Pipeline V2.
Refreshing native plugins compatible for Editor in 28.48 ms, found 1 plugins.
Preloading 0 native plugins for Editor in 0.00 ms.
Initialize engine version: 2020.3.8f1 (507919d4fff5)
[Subsystems] Discovering subsystems at path C:/Program Files/Unity/Hub/Editor/2020.3.8f1/Editor/Data/Resources/UnitySubsystems
[Subsystems] Discovering subsystems at path C:/Users/user/Desktop/중요!!! 게임파일!!!/프로젝트/Team-Wam/DieOut/Assets
GfxDevice: creating device client; threaded=0
Direct3D:
    Version:  Direct3D 11.0 [level 11.1]
    Renderer: NVIDIA GeForce GTX 1050 Ti (ID=0x1c82)
    Vendor:   
    VRAM:     4018 MB
    Driver:   27.21.14.5751
Initialize mono
Mono path[0] = 'C:/Program Files/Unity/Hub/Editor/2020.3.8f1/Editor/Data/Managed'
Mono path[1] = 'C:/Program Files/Unity/Hub/Editor/2020.3.8f1/Editor/Data/MonoBleedingEdge/lib/mono/unityjit'
Mono config path = 'C:/Program Files/Unity/Hub/Editor/2020.3.8f1/Editor/Data/MonoBleedingEdge/etc'
Using monoOptions --debugger-agent=transport=dt_socket,embedding=1,server=y,suspend=n,address=127.0.0.1:56876
Begin MonoManager ReloadAssembly
Registering precompiled unity dll's ...
Register platform support module: C:/Program Files/Unity/Hub/Editor/2020.3.8f1/Editor/Data/PlaybackEngines/WebGLSupport/UnityEditor.WebGL.Extensions.dll
Register platform support module: C:/Program Files/Unity/Hub/Editor/2020.3.8f1/Editor/Data/PlaybackEngines/WindowsStandaloneSupport/UnityEditor.WindowsStandalone.Extensions.dll
Registered in 0.002818 seconds.
Native extension for WindowsStandalone target not found
Native extension for WebGL target not found
Refreshing native plugins compatible for Editor in 28.97 ms, found 1 plugins.
Preloading 0 native plugins for Editor in 0.00 ms.
Mono: successfully reloaded assembly
- Completed reload, in  1.730 seconds
Platform modules already initialized, skipping
Registering precompiled user dll's ...
Registered in 0.000992 seconds.
Begin MonoManager ReloadAssembly
Native extension for WindowsStandalone target not found
Native extension for WebGL target not found
Refreshing native plugins compatible for Editor in 28.32 ms, found 1 plugins.
Preloading 0 native plugins for Editor in 0.00 ms.
Mono: successfully reloaded assembly
- Completed reload, in  0.744 seconds
Platform modules already initialized, skipping
========================================================================
Worker process is ready to serve import requests
Launched and connected shader compiler UnityShaderCompiler.exe after 0.03 seconds
Refreshing native plugins compatible for Editor in 0.31 ms, found 1 plugins.
Preloading 0 native plugins for Editor in 0.00 ms.
Unloading 1809 Unused Serialized files (Serialized files now loaded: 0)
System memory in use before: 85.5 MB.
System memory in use after: 85.4 MB.

Unloading 24 unused Assets to reduce memory usage. Loaded Objects now: 2251.
Total: 1.696400 ms (FindLiveObjects: 0.185000 ms CreateObjectMapping: 0.079400 ms MarkObjects: 1.328200 ms  DeleteObjects: 0.102900 ms)

========================================================================
Received Import Request.
  path: Assets/sdasd.cs
  artifactKey: Guid(d7a9e6c74e8a5f648a85575d32ca1511) Importer(815301076,1909f56bfc062723c751e8b465ee728b)
Start importing Assets/sdasd.cs using Guid(d7a9e6c74e8a5f648a85575d32ca1511) Importer(815301076,1909f56bfc062723c751e8b465ee728b)  -> (artifact id: 'c757b1a88ff5e2763465a27613014c2d') in 0.027734 seconds
  Import took 0.029874 seconds .

========================================================================
Received Import Request.
  Time since last request: 23.103416 seconds.
  path: Assets/iguanodon_walk.png
  artifactKey: Guid(3a7eb08bbbd2afd4dbc76d2203c3bc94) Importer(815301076,1909f56bfc062723c751e8b465ee728b)
Start importing Assets/iguanodon_walk.png using Guid(3a7eb08bbbd2afd4dbc76d2203c3bc94) Importer(815301076,1909f56bfc062723c751e8b465ee728b)  -> (artifact id: '86e9aef18cc98fd8db9c8220e9b78865') in 0.079970 seconds
  Import took 0.083124 seconds .

========================================================================
Received Import Request.
  Time since last request: 7.043301 seconds.
  path: Assets/iguanodon_walk.png
  artifactKey: Guid(3a7eb08bbbd2afd4dbc76d2203c3bc94) Importer(815301076,1909f56bfc062723c751e8b465ee728b)
Start importing Assets/iguanodon_walk.png using Guid(3a7eb08bbbd2afd4dbc76d2203c3bc94) Importer(815301076,1909f56bfc062723c751e8b465ee728b)  -> (artifact id: 'f395d75f24c6ba56c55e85b279c2ecf6') in 0.027650 seconds
  Import took 0.030094 seconds .

========================================================================
Received Import Request.
  Time since last request: 63.865827 seconds.
  path: Assets/iguanodon_walk.png
  artifactKey: Guid(3a7eb08bbbd2afd4dbc76d2203c3bc94) Importer(815301076,1909f56bfc062723c751e8b465ee728b)
Start importing Assets/iguanodon_walk.png using Guid(3a7eb08bbbd2afd4dbc76d2203c3bc94) Importer(815301076,1909f56bfc062723c751e8b465ee728b)  -> (artifact id: 'c30dcf3b99a32965fe42feec0c7e222a') in 0.019242 seconds
  Import took 0.021909 seconds .

========================================================================
Received Prepare
Registering precompiled user dll's ...
Registered in 0.001048 seconds.
Begin MonoManager ReloadAssembly
Native extension for WindowsStandalone target not found
Native extension for WebGL target not found
Refreshing native plugins compatible for Editor in 0.31 ms, found 1 plugins.
Preloading 0 native plugins for Editor in 0.00 ms.
Mono: successfully reloaded assembly
- Completed reload, in  0.669 seconds
Platform modules already initialized, skipping
Refreshing native plugins compatible for Editor in 0.31 ms, found 1 plugins.
Preloading 0 native plugins for Editor in 0.00 ms.
Unloading 1804 Unused Serialized files (Serialized files now loaded: 0)
System memory in use before: 88.5 MB.
System memory in use after: 88.5 MB.

Unloading 12 unused Assets to reduce memory usage. Loaded Objects now: 2263.
Total: 1.550800 ms (FindLiveObjects: 0.155000 ms CreateObjectMapping: 0.053400 ms MarkObjects: 1.247900 ms  DeleteObjects: 0.093900 ms)

========================================================================
Received Prepare
Registering precompiled user dll's ...
Registered in 0.000951 seconds.
Begin MonoManager ReloadAssembly
Native extension for WindowsStandalone target not found
Native extension for WebGL target not found
Refreshing native plugins compatible for Editor in 0.31 ms, found 1 plugins.
Preloading 0 native plugins for Editor in 0.00 ms.
Mono: successfully reloaded assembly
- Completed reload, in  0.687 seconds
Platform modules already initialized, skipping
Refreshing native plugins compatible for Editor in 0.30 ms, found 1 plugins.
Preloading 0 native plugins for Editor in 0.00 ms.
Unloading 1804 Unused Serialized files (Serialized files now loaded: 0)
System memory in use before: 88.5 MB.
System memory in use after: 88.5 MB.

Unloading 12 unused Assets to reduce memory usage. Loaded Objects now: 2267.
Total: 1.519100 ms (FindLiveObjects: 0.155000 ms CreateObjectMapping: 0.055100 ms MarkObjects: 1.229900 ms  DeleteObjects: 0.078200 ms)

========================================================================
Received Import Request.
  Time since last request: 105.449063 seconds.
  path: Assets/Animation/iguanodon_walk_0.controller
  artifactKey: Guid(41a0e67ba2965af468d3e338c60b0bff) Importer(815301076,1909f56bfc062723c751e8b465ee728b)
Start importing Assets/Animation/iguanodon_walk_0.controller using Guid(41a0e67ba2965af468d3e338c60b0bff) Importer(815301076,1909f56bfc062723c751e8b465ee728b)  -> (artifact id: '2f79bc3726f6c9694339b22ec5b4e27a') in 0.015012 seconds
  Import took 0.017517 seconds .

========================================================================
Received Prepare
Registering precompiled user dll's ...
Registered in 0.000957 seconds.
Begin MonoManager ReloadAssembly
Native extension for WindowsStandalone target not found
Native extension for WebGL target not found
Refreshing native plugins compatible for Editor in 0.31 ms, found 1 plugins.
Preloading 0 native plugins for Editor in 0.00 ms.
Mono: successfully reloaded assembly
- Completed reload, in  0.666 seconds
Platform modules already initialized, skipping
Refreshing native plugins compatible for Editor in 0.31 ms, found 1 plugins.
Preloading 0 native plugins for Editor in 0.00 ms.
Unloading 1804 Unused Serialized files (Serialized files now loaded: 0)
System memory in use before: 88.6 MB.
System memory in use after: 88.6 MB.

Unloading 12 unused Assets to reduce memory usage. Loaded Objects now: 2271.
Total: 1.535800 ms (FindLiveObjects: 0.156700 ms CreateObjectMapping: 0.054100 ms MarkObjects: 1.243100 ms  DeleteObjects: 0.081300 ms)

========================================================================
Received Prepare
Registering precompiled user dll's ...
Registered in 0.001492 seconds.
Begin MonoManager ReloadAssembly
Native extension for WindowsStandalone target not found
Native extension for WebGL target not found
Refreshing native plugins compatible for Editor in 0.31 ms, found 1 plugins.
Preloading 0 native plugins for Editor in 0.00 ms.
Mono: successfully reloaded assembly
- Completed reload, in  0.684 seconds
Platform modules already initialized, skipping
Refreshing native plugins compatible for Editor in 0.32 ms, found 1 plugins.
Preloading 0 native plugins for Editor in 0.00 ms.
Unloading 1804 Unused Serialized files (Serialized files now loaded: 0)
System memory in use before: 88.6 MB.
System memory in use after: 88.6 MB.

Unloading 12 unused Assets to reduce memory usage. Loaded Objects now: 2275.
Total: 1.606000 ms (FindLiveObjects: 0.177200 ms CreateObjectMapping: 0.065000 ms MarkObjects: 1.278300 ms  DeleteObjects: 0.084400 ms)

========================================================================
Received Prepare
Registering precompiled user dll's ...
Registered in 0.001076 seconds.
Begin MonoManager ReloadAssembly
Native extension for WindowsStandalone target not found
Native extension for WebGL target not found
Refreshing native plugins compatible for Editor in 0.31 ms, found 1 plugins.
Preloading 0 native plugins for Editor in 0.00 ms.
Mono: successfully reloaded assembly
- Completed reload, in  0.676 seconds
Platform modules already initialized, skipping
Refreshing native plugins compatible for Editor in 0.33 ms, found 1 plugins.
Preloading 0 native plugins for Editor in 0.00 ms.
Unloading 1804 Unused Serialized files (Serialized files now loaded: 0)
System memory in use before: 88.6 MB.
System memory in use after: 88.6 MB.

Unloading 12 unused Assets to reduce memory usage. Loaded Objects now: 2279.
Total: 1.598500 ms (FindLiveObjects: 0.147500 ms CreateObjectMapping: 0.058400 ms MarkObjects: 1.310500 ms  DeleteObjects: 0.081300 ms)

========================================================================
Received Prepare
Registering precompiled user dll's ...
Registered in 0.001486 seconds.
Begin MonoManager ReloadAssembly
Native extension for WindowsStandalone target not found
Native extension for WebGL target not found
Refreshing native plugins compatible for Editor in 0.32 ms, found 1 plugins.
Preloading 0 native plugins for Editor in 0.00 ms.
Mono: successfully reloaded assembly
- Completed reload, in  0.687 seconds
Platform modules already initialized, skipping
Refreshing native plugins compatible for Editor in 0.30 ms, found 1 plugins.
Preloading 0 native plugins for Editor in 0.00 ms.
Unloading 1804 Unused Serialized files (Serialized files now loaded: 0)
System memory in use before: 88.6 MB.
System memory in use after: 88.6 MB.

Unloading 12 unused Assets to reduce memory usage. Loaded Objects now: 2283.
Total: 1.507800 ms (FindLiveObjects: 0.146700 ms CreateObjectMapping: 0.054000 ms MarkObjects: 1.228700 ms  DeleteObjects: 0.077700 ms)

========================================================================
Received Prepare
Registering precompiled user dll's ...
Registered in 0.001083 seconds.
Begin MonoManager ReloadAssembly
Native extension for WindowsStandalone target not found
Native extension for WebGL target not found
Refreshing native plugins compatible for Editor in 0.31 ms, found 1 plugins.
Preloading 0 native plugins for Editor in 0.00 ms.
Mono: successfully reloaded assembly
- Completed reload, in  0.669 seconds
Platform modules already initialized, skipping
Refreshing native plugins compatible for Editor in 0.32 ms, found 1 plugins.
Preloading 0 native plugins for Editor in 0.00 ms.
Unloading 1804 Unused Serialized files (Serialized files now loaded: 0)
System memory in use before: 88.7 MB.
System memory in use after: 88.6 MB.

Unloading 12 unused Assets to reduce memory usage. Loaded Objects now: 2287.
Total: 1.576600 ms (FindLiveObjects: 0.158500 ms CreateObjectMapping: 0.056500 ms MarkObjects: 1.277300 ms  DeleteObjects: 0.083400 ms)

========================================================================
Received Import Request.
  Time since last request: 304.375240 seconds.
  path: Assets/sdasd.cs
  artifactKey: Guid(d7a9e6c74e8a5f648a85575d32ca1511) Importer(815301076,1909f56bfc062723c751e8b465ee728b)
Start importing Assets/sdasd.cs using Guid(d7a9e6c74e8a5f648a85575d32ca1511) Importer(815301076,1909f56bfc062723c751e8b465ee728b)  -> (artifact id: '67c95db37cf35cd23602c3902384d48c') in 0.004860 seconds
  Import took 0.007032 seconds .

========================================================================
Received Import Request.
  Time since last request: 6.183246 seconds.
  path: Assets/Script
  artifactKey: Guid(6a02960dfdba2424f89a14a0eeff90fd) Importer(815301076,1909f56bfc062723c751e8b465ee728b)
Start importing Assets/Script using Guid(6a02960dfdba2424f89a14a0eeff90fd) Importer(815301076,1909f56bfc062723c751e8b465ee728b)  -> (artifact id: '8ca1c5608d1bd526559d58e579d58787') in 0.005439 seconds
  Import took 0.007769 seconds .

========================================================================
Received Prepare
Registering precompiled user dll's ...
Registered in 0.000924 seconds.
Begin MonoManager ReloadAssembly
Native extension for WindowsStandalone target not found
Native extension for WebGL target not found
Refreshing native plugins compatible for Editor in 0.32 ms, found 1 plugins.
Preloading 0 native plugins for Editor in 0.00 ms.
Mono: successfully reloaded assembly
- Completed reload, in  0.701 seconds
Platform modules already initialized, skipping
Refreshing native plugins compatible for Editor in 0.31 ms, found 1 plugins.
Preloading 0 native plugins for Editor in 0.00 ms.
Unloading 1805 Unused Serialized files (Serialized files now loaded: 0)
System memory in use before: 88.7 MB.
System memory in use after: 88.7 MB.

Unloading 12 unused Assets to reduce memory usage. Loaded Objects now: 2292.
Total: 1.591100 ms (FindLiveObjects: 0.153100 ms CreateObjectMapping: 0.062200 ms MarkObjects: 1.291100 ms  DeleteObjects: 0.084200 ms)

========================================================================
Received Prepare
Registering precompiled user dll's ...
Registered in 0.001003 seconds.
Begin MonoManager ReloadAssembly
Native extension for WindowsStandalone target not found
Native extension for WebGL target not found
Refreshing native plugins compatible for Editor in 0.32 ms, found 1 plugins.
Preloading 0 native plugins for Editor in 0.00 ms.
Mono: successfully reloaded assembly
- Completed reload, in  0.692 seconds
Platform modules already initialized, skipping
Refreshing native plugins compatible for Editor in 0.31 ms, found 1 plugins.
Preloading 0 native plugins for Editor in 0.00 ms.
Unloading 1805 Unused Serialized files (Serialized files now loaded: 0)
System memory in use before: 88.7 MB.
System memory in use after: 88.7 MB.

Unloading 12 unused Assets to reduce memory usage. Loaded Objects now: 2296.
Total: 1.695500 ms (FindLiveObjects: 0.192400 ms CreateObjectMapping: 0.072900 ms MarkObjects: 1.341400 ms  DeleteObjects: 0.087900 ms)

========================================================================
Received Prepare
Registering precompiled user dll's ...
Registered in 0.001043 seconds.
Begin MonoManager ReloadAssembly
Native extension for WindowsStandalone target not found
Native extension for WebGL target not found
Refreshing native plugins compatible for Editor in 0.31 ms, found 1 plugins.
Preloading 0 native plugins for Editor in 0.00 ms.
Mono: successfully reloaded assembly
- Completed reload, in  0.671 seconds
Platform modules already initialized, skipping
Refreshing native plugins compatible for Editor in 0.48 ms, found 1 plugins.
Preloading 0 native plugins for Editor in 0.00 ms.
Unloading 1804 Unused Serialized files (Serialized files now loaded: 0)
System memory in use before: 88.7 MB.
System memory in use after: 88.7 MB.

Unloading 13 unused Assets to reduce memory usage. Loaded Objects now: 2299.
Total: 1.863700 ms (FindLiveObjects: 0.272700 ms CreateObjectMapping: 0.110800 ms MarkObjects: 1.383500 ms  DeleteObjects: 0.095800 ms)

========================================================================
Received Prepare
Registering precompiled user dll's ...
Registered in 0.000967 seconds.
Begin MonoManager ReloadAssembly
Native extension for WindowsStandalone target not found
Native extension for WebGL target not found
Refreshing native plugins compatible for Editor in 0.31 ms, found 1 plugins.
Preloading 0 native plugins for Editor in 0.00 ms.
Mono: successfully reloaded assembly
- Completed reload, in  0.669 seconds
Platform modules already initialized, skipping
Refreshing native plugins compatible for Editor in 0.29 ms, found 1 plugins.
Preloading 0 native plugins for Editor in 0.00 ms.
Unloading 1804 Unused Serialized files (Serialized files now loaded: 0)
System memory in use before: 88.7 MB.
System memory in use after: 88.7 MB.

Unloading 12 unused Assets to reduce memory usage. Loaded Objects now: 2303.
Total: 1.524700 ms (FindLiveObjects: 0.151400 ms CreateObjectMapping: 0.055700 ms MarkObjects: 1.241200 ms  DeleteObjects: 0.075900 ms)

========================================================================
Received Prepare
Registering precompiled user dll's ...
Registered in 0.000938 seconds.
Begin MonoManager ReloadAssembly
Native extension for WindowsStandalone target not found
Native extension for WebGL target not found
Refreshing native plugins compatible for Editor in 0.33 ms, found 1 plugins.
Preloading 0 native plugins for Editor in 0.00 ms.
Mono: successfully reloaded assembly
- Completed reload, in  0.671 seconds
Platform modules already initialized, skipping
Refreshing native plugins compatible for Editor in 0.30 ms, found 1 plugins.
Preloading 0 native plugins for Editor in 0.00 ms.
Unloading 1805 Unused Serialized files (Serialized files now loaded: 0)
System memory in use before: 88.7 MB.
System memory in use after: 88.7 MB.

Unloading 12 unused Assets to reduce memory usage. Loaded Objects now: 2308.
Total: 1.576900 ms (FindLiveObjects: 0.148100 ms CreateObjectMapping: 0.052500 ms MarkObjects: 1.297200 ms  DeleteObjects: 0.078400 ms)

========================================================================
Received Prepare
Registering precompiled user dll's ...
Registered in 0.001041 seconds.
Begin MonoManager ReloadAssembly
Native extension for WindowsStandalone target not found
Native extension for WebGL target not found
Refreshing native plugins compatible for Editor in 0.32 ms, found 1 plugins.
Preloading 0 native plugins for Editor in 0.00 ms.
Mono: successfully reloaded assembly
- Completed reload, in  0.671 seconds
Platform modules already initialized, skipping
Refreshing native plugins compatible for Editor in 0.32 ms, found 1 plugins.
Preloading 0 native plugins for Editor in 0.00 ms.
Unloading 1805 Unused Serialized files (Serialized files now loaded: 0)
System memory in use before: 88.7 MB.
System memory in use after: 88.7 MB.

Unloading 12 unused Assets to reduce memory usage. Loaded Objects now: 2312.
Total: 1.563000 ms (FindLiveObjects: 0.164200 ms CreateObjectMapping: 0.058500 ms MarkObjects: 1.256500 ms  DeleteObjects: 0.082900 ms)

========================================================================
Received Prepare
Registering precompiled user dll's ...
Registered in 0.000939 seconds.
Begin MonoManager ReloadAssembly
Native extension for WindowsStandalone target not found
Native extension for WebGL target not found
Refreshing native plugins compatible for Editor in 0.31 ms, found 1 plugins.
Preloading 0 native plugins for Editor in 0.00 ms.
Mono: successfully reloaded assembly
- Completed reload, in  0.682 seconds
Platform modules already initialized, skipping
Refreshing native plugins compatible for Editor in 0.31 ms, found 1 plugins.
Preloading 0 native plugins for Editor in 0.00 ms.
Unloading 1806 Unused Serialized files (Serialized files now loaded: 0)
System memory in use before: 88.8 MB.
System memory in use after: 88.7 MB.

Unloading 12 unused Assets to reduce memory usage. Loaded Objects now: 2317.
Total: 1.596600 ms (FindLiveObjects: 0.158100 ms CreateObjectMapping: 0.055200 ms MarkObjects: 1.295600 ms  DeleteObjects: 0.087000 ms)

========================================================================
Received Prepare
Registering precompiled user dll's ...
Registered in 0.001015 seconds.
Begin MonoManager ReloadAssembly
Native extension for WindowsStandalone target not found
Native extension for WebGL target not found
Refreshing native plugins compatible for Editor in 0.30 ms, found 1 plugins.
Preloading 0 native plugins for Editor in 0.00 ms.
Mono: successfully reloaded assembly
- Completed reload, in  0.665 seconds
Platform modules already initialized, skipping
Refreshing native plugins compatible for Editor in 0.34 ms, found 1 plugins.
Preloading 0 native plugins for Editor in 0.00 ms.
Unloading 1806 Unused Serialized files (Serialized files now loaded: 0)
System memory in use before: 88.8 MB.
System memory in use after: 88.7 MB.

Unloading 12 unused Assets to reduce memory usage. Loaded Objects now: 2321.
Total: 1.613100 ms (FindLiveObjects: 0.166700 ms CreateObjectMapping: 0.062700 ms MarkObjects: 1.298500 ms  DeleteObjects: 0.084600 ms)

========================================================================
Received Prepare
Registering precompiled user dll's ...
Registered in 0.000975 seconds.
Begin MonoManager ReloadAssembly
Native extension for WindowsStandalone target not found
Native extension for WebGL target not found
Refreshing native plugins compatible for Editor in 0.30 ms, found 1 plugins.
Preloading 0 native plugins for Editor in 0.00 ms.
Mono: successfully reloaded assembly
- Completed reload, in  0.662 seconds
Platform modules already initialized, skipping
Refreshing native plugins compatible for Editor in 0.32 ms, found 1 plugins.
Preloading 0 native plugins for Editor in 0.00 ms.
Unloading 1806 Unused Serialized files (Serialized files now loaded: 0)
System memory in use before: 88.8 MB.
System memory in use after: 88.8 MB.

Unloading 12 unused Assets to reduce memory usage. Loaded Objects now: 2325.
Total: 1.697500 ms (FindLiveObjects: 0.150200 ms CreateObjectMapping: 0.052500 ms MarkObjects: 1.411000 ms  DeleteObjects: 0.082900 ms)

========================================================================
Received Prepare
Registering precompiled user dll's ...
Registered in 0.000983 seconds.
Begin MonoManager ReloadAssembly
Native extension for WindowsStandalone target not found
Native extension for WebGL target not found
Refreshing native plugins compatible for Editor in 0.31 ms, found 1 plugins.
Preloading 0 native plugins for Editor in 0.00 ms.
Mono: successfully reloaded assembly
- Completed reload, in  0.687 seconds
Platform modules already initialized, skipping
Refreshing native plugins compatible for Editor in 0.30 ms, found 1 plugins.
Preloading 0 native plugins for Editor in 0.00 ms.
Unloading 1806 Unused Serialized files (Serialized files now loaded: 0)
System memory in use before: 88.8 MB.
System memory in use after: 88.8 MB.

Unloading 12 unused Assets to reduce memory usage. Loaded Objects now: 2329.
Total: 1.560300 ms (FindLiveObjects: 0.154600 ms CreateObjectMapping: 0.053700 ms MarkObjects: 1.271000 ms  DeleteObjects: 0.080300 ms)

========================================================================
Received Import Request.
  Time since last request: 445.537290 seconds.
  path: Assets/Camera_Script.cs
  artifactKey: Guid(72dd117aa47e4574ab6da022c2df2125) Importer(815301076,1909f56bfc062723c751e8b465ee728b)
Start importing Assets/Camera_Script.cs using Guid(72dd117aa47e4574ab6da022c2df2125) Importer(815301076,1909f56bfc062723c751e8b465ee728b)  -> (artifact id: '175f00f7340bcb9c363cbd971915862d') in 0.007827 seconds
  Import took 0.010334 seconds .

========================================================================
Received Import Request.
  Time since last request: 0.000864 seconds.
  path: Assets/Camera_Script.cs
  artifactKey: Guid(72dd117aa47e4574ab6da022c2df2125) Importer(815301076,1909f56bfc062723c751e8b465ee728b)
Start importing Assets/Camera_Script.cs using Guid(72dd117aa47e4574ab6da022c2df2125) Importer(815301076,1909f56bfc062723c751e8b465ee728b)  -> (artifact id: '175f00f7340bcb9c363cbd971915862d') in 0.002267 seconds
  Import took 0.004453 seconds .

========================================================================
Received Prepare
Registering precompiled user dll's ...
Registered in 0.001166 seconds.
Begin MonoManager ReloadAssembly
Native extension for WindowsStandalone target not found
Native extension for WebGL target not found
Refreshing native plugins compatible for Editor in 0.31 ms, found 1 plugins.
Preloading 0 native plugins for Editor in 0.00 ms.
Mono: successfully reloaded assembly
- Completed reload, in  0.701 seconds
Platform modules already initialized, skipping
Refreshing native plugins compatible for Editor in 0.31 ms, found 1 plugins.
Preloading 0 native plugins for Editor in 0.00 ms.
Unloading 1806 Unused Serialized files (Serialized files now loaded: 0)
System memory in use before: 88.8 MB.
System memory in use after: 88.8 MB.

Unloading 12 unused Assets to reduce memory usage. Loaded Objects now: 2333.
Total: 1.567900 ms (FindLiveObjects: 0.160100 ms CreateObjectMapping: 0.055900 ms MarkObjects: 1.266400 ms  DeleteObjects: 0.084900 ms)

========================================================================
Received Import Request.
  Time since last request: 6.236052 seconds.
  path: Assets/Script/Iguanodon_Script.cs
  artifactKey: Guid(f5fdca640cdf7114a9b5dface6ca9efb) Importer(815301076,1909f56bfc062723c751e8b465ee728b)
Start importing Assets/Script/Iguanodon_Script.cs using Guid(f5fdca640cdf7114a9b5dface6ca9efb) Importer(815301076,1909f56bfc062723c751e8b465ee728b)  -> (artifact id: '22206bb61c7295e21864464cf34bc9b6') in 0.008444 seconds
  Import took 0.010911 seconds .

========================================================================
Received Import Request.
  Time since last request: 4.555902 seconds.
  path: Assets/Script/Player.cs
  artifactKey: Guid(12c0ac8e01de3ff45b27531d9c1e10fe) Importer(815301076,1909f56bfc062723c751e8b465ee728b)
Start importing Assets/Script/Player.cs using Guid(12c0ac8e01de3ff45b27531d9c1e10fe) Importer(815301076,1909f56bfc062723c751e8b465ee728b)  -> (artifact id: '4b6339988193e1e87e12e75167508c3f') in 0.005254 seconds
  Import took 0.007786 seconds .

========================================================================
Received Prepare
Registering precompiled user dll's ...
Registered in 0.000928 seconds.
Begin MonoManager ReloadAssembly
Native extension for WindowsStandalone target not found
Native extension for WebGL target not found
Refreshing native plugins compatible for Editor in 0.32 ms, found 1 plugins.
Preloading 0 native plugins for Editor in 0.00 ms.
Mono: successfully reloaded assembly
- Completed reload, in  0.690 seconds
Platform modules already initialized, skipping
Refreshing native plugins compatible for Editor in 0.37 ms, found 1 plugins.
Preloading 0 native plugins for Editor in 0.00 ms.
Unloading 1807 Unused Serialized files (Serialized files now loaded: 0)
System memory in use before: 88.8 MB.
System memory in use after: 88.8 MB.

Unloading 12 unused Assets to reduce memory usage. Loaded Objects now: 2338.
Total: 1.744500 ms (FindLiveObjects: 0.192500 ms CreateObjectMapping: 0.069500 ms MarkObjects: 1.386000 ms  DeleteObjects: 0.095600 ms)

========================================================================
Received Prepare
Registering precompiled user dll's ...
Registered in 0.001061 seconds.
Begin MonoManager ReloadAssembly
Native extension for WindowsStandalone target not found
Native extension for WebGL target not found
Refreshing native plugins compatible for Editor in 0.30 ms, found 1 plugins.
Preloading 0 native plugins for Editor in 0.00 ms.
Mono: successfully reloaded assembly
- Completed reload, in  0.664 seconds
Platform modules already initialized, skipping
Refreshing native plugins compatible for Editor in 0.31 ms, found 1 plugins.
Preloading 0 native plugins for Editor in 0.00 ms.
Unloading 1807 Unused Serialized files (Serialized files now loaded: 0)
System memory in use before: 88.8 MB.
System memory in use after: 88.8 MB.

Unloading 12 unused Assets to reduce memory usage. Loaded Objects now: 2342.
Total: 1.568100 ms (FindLiveObjects: 0.168100 ms CreateObjectMapping: 0.061600 ms MarkObjects: 1.259700 ms  DeleteObjects: 0.078200 ms)

========================================================================
Received Import Request.
  Time since last request: 31.573330 seconds.
  path: Assets/Script/Camera.cs
  artifactKey: Guid(3470e75e202bccb4f95951482c8f4582) Importer(815301076,1909f56bfc062723c751e8b465ee728b)
Start importing Assets/Script/Camera.cs using Guid(3470e75e202bccb4f95951482c8f4582) Importer(815301076,1909f56bfc062723c751e8b465ee728b)  -> (artifact id: '2858c9342fe90f9a86c0a28f7d9729bb') in 0.007430 seconds
  Import took 0.010112 seconds .

========================================================================
Received Import Request.
  Time since last request: 0.000923 seconds.
  path: Assets/Script/Camera.cs
  artifactKey: Guid(3470e75e202bccb4f95951482c8f4582) Importer(815301076,1909f56bfc062723c751e8b465ee728b)
Start importing Assets/Script/Camera.cs using Guid(3470e75e202bccb4f95951482c8f4582) Importer(815301076,1909f56bfc062723c751e8b465ee728b)  -> (artifact id: '2858c9342fe90f9a86c0a28f7d9729bb') in 0.002834 seconds
  Import took 0.005249 seconds .

========================================================================
Received Prepare
Registering precompiled user dll's ...
Registered in 0.001036 seconds.
Begin MonoManager ReloadAssembly
Native extension for WindowsStandalone target not found
Native extension for WebGL target not found
Refreshing native plugins compatible for Editor in 0.31 ms, found 1 plugins.
Preloading 0 native plugins for Editor in 0.00 ms.
Mono: successfully reloaded assembly
- Completed reload, in  0.713 seconds
Platform modules already initialized, skipping
Refreshing native plugins compatible for Editor in 0.48 ms, found 1 plugins.
Preloading 0 native plugins for Editor in 0.00 ms.
Unloading 1808 Unused Serialized files (Serialized files now loaded: 0)
System memory in use before: 88.9 MB.
System memory in use after: 88.8 MB.

Unloading 12 unused Assets to reduce memory usage. Loaded Objects now: 2347.
Total: 2.001300 ms (FindLiveObjects: 0.206100 ms CreateObjectMapping: 0.075900 ms MarkObjects: 1.610200 ms  DeleteObjects: 0.107400 ms)

========================================================================
Received Import Request.
  Time since last request: 14.747605 seconds.
  path: Assets/Script/Camera_Script.cs
  artifactKey: Guid(72dd117aa47e4574ab6da022c2df2125) Importer(815301076,1909f56bfc062723c751e8b465ee728b)
Start importing Assets/Script/Camera_Script.cs using Guid(72dd117aa47e4574ab6da022c2df2125) Importer(815301076,1909f56bfc062723c751e8b465ee728b)  -> (artifact id: 'a546bb5099ddd2e10b9d766e02aea14f') in 0.005381 seconds
  Import took 0.008365 seconds .

========================================================================
Received Prepare
Registering precompiled user dll's ...
Registered in 0.001033 seconds.
Begin MonoManager ReloadAssembly
Native extension for WindowsStandalone target not found
Native extension for WebGL target not found
Refreshing native plugins compatible for Editor in 0.32 ms, found 1 plugins.
Preloading 0 native plugins for Editor in 0.00 ms.
Mono: successfully reloaded assembly
- Completed reload, in  0.673 seconds
Platform modules already initialized, skipping
Refreshing native plugins compatible for Editor in 0.31 ms, found 1 plugins.
Preloading 0 native plugins for Editor in 0.00 ms.
Unloading 1808 Unused Serialized files (Serialized files now loaded: 0)
System memory in use before: 88.9 MB.
System memory in use after: 88.8 MB.

Unloading 12 unused Assets to reduce memory usage. Loaded Objects now: 2351.
Total: 1.569600 ms (FindLiveObjects: 0.167900 ms CreateObjectMapping: 0.060900 ms MarkObjects: 1.262100 ms  DeleteObjects: 0.077900 ms)

========================================================================
Received Import Request.
  Time since last request: 13.577173 seconds.
  path: Assets/Script/Iguanodon_Script.cs
  artifactKey: Guid(f5fdca640cdf7114a9b5dface6ca9efb) Importer(815301076,1909f56bfc062723c751e8b465ee728b)
Start importing Assets/Script/Iguanodon_Script.cs using Guid(f5fdca640cdf7114a9b5dface6ca9efb) Importer(815301076,1909f56bfc062723c751e8b465ee728b)  -> (artifact id: '26bf4eebb387cf2747046740f410aaeb') in 0.004390 seconds
  Import took 0.006454 seconds .

========================================================================
Received Prepare
Registering precompiled user dll's ...
Registered in 0.001647 seconds.
Begin MonoManager ReloadAssembly
Native extension for WindowsStandalone target not found
Native extension for WebGL target not found
Refreshing native plugins compatible for Editor in 0.32 ms, found 1 plugins.
Preloading 0 native plugins for Editor in 0.00 ms.
Mono: successfully reloaded assembly
- Completed reload, in  0.685 seconds
Platform modules already initialized, skipping
Refreshing native plugins compatible for Editor in 0.30 ms, found 1 plugins.
Preloading 0 native plugins for Editor in 0.00 ms.
Unloading 1806 Unused Serialized files (Serialized files now loaded: 0)
System memory in use before: 88.8 MB.
System memory in use after: 88.8 MB.

Unloading 14 unused Assets to reduce memory usage. Loaded Objects now: 2353.
Total: 1.563700 ms (FindLiveObjects: 0.150800 ms CreateObjectMapping: 0.056400 ms MarkObjects: 1.273000 ms  DeleteObjects: 0.082800 ms)

========================================================================
Received Prepare
Registering precompiled user dll's ...
Registered in 0.000948 seconds.
Begin MonoManager ReloadAssembly
Native extension for WindowsStandalone target not found
Native extension for WebGL target not found
Refreshing native plugins compatible for Editor in 0.31 ms, found 1 plugins.
Preloading 0 native plugins for Editor in 0.00 ms.
Mono: successfully reloaded assembly
- Completed reload, in  0.665 seconds
Platform modules already initialized, skipping
Refreshing native plugins compatible for Editor in 0.32 ms, found 1 plugins.
Preloading 0 native plugins for Editor in 0.00 ms.
Unloading 1806 Unused Serialized files (Serialized files now loaded: 0)
System memory in use before: 88.8 MB.
System memory in use after: 88.8 MB.

Unloading 12 unused Assets to reduce memory usage. Loaded Objects now: 2357.
Total: 1.916800 ms (FindLiveObjects: 0.193000 ms CreateObjectMapping: 0.067200 ms MarkObjects: 1.551600 ms  DeleteObjects: 0.103100 ms)

========================================================================
Received Import Request.
  Time since last request: 78.591285 seconds.
  path: Assets/Script/GameManager.prefab
  artifactKey: Guid(d78cba63a3382614692eecb25485fad6) Importer(815301076,1909f56bfc062723c751e8b465ee728b)
Start importing Assets/Script/GameManager.prefab using Guid(d78cba63a3382614692eecb25485fad6) Importer(815301076,1909f56bfc062723c751e8b465ee728b)  -> (artifact id: '8f2c59042c204554c21dd193ebb09117') in 0.026951 seconds
  Import took 0.029541 seconds .

========================================================================
Received Import Request.
  Time since last request: 0.000792 seconds.
  path: Assets/Script/GameManager.prefab
  artifactKey: Guid(d78cba63a3382614692eecb25485fad6) Importer(815301076,1909f56bfc062723c751e8b465ee728b)
Start importing Assets/Script/GameManager.prefab using Guid(d78cba63a3382614692eecb25485fad6) Importer(815301076,1909f56bfc062723c751e8b465ee728b)  -> (artifact id: '8f2c59042c204554c21dd193ebb09117') in 0.003524 seconds
  Import took 0.005812 seconds .

========================================================================
Received Import Request.
  Time since last request: 8.592294 seconds.
  path: Assets/Script/Player.cs
  artifactKey: Guid(12c0ac8e01de3ff45b27531d9c1e10fe) Importer(815301076,1909f56bfc062723c751e8b465ee728b)
Start importing Assets/Script/Player.cs using Guid(12c0ac8e01de3ff45b27531d9c1e10fe) Importer(815301076,1909f56bfc062723c751e8b465ee728b)  -> (artifact id: 'fc36844f2739c207fad9aa3f12f96d07') in 0.002460 seconds
  Import took 0.004794 seconds .

========================================================================
Received Prepare
Registering precompiled user dll's ...
Registered in 0.001046 seconds.
Begin MonoManager ReloadAssembly
Native extension for WindowsStandalone target not found
Native extension for WebGL target not found
Refreshing native plugins compatible for Editor in 0.33 ms, found 1 plugins.
Preloading 0 native plugins for Editor in 0.00 ms.
Mono: successfully reloaded assembly
- Completed reload, in  0.681 seconds
Platform modules already initialized, skipping
Refreshing native plugins compatible for Editor in 0.31 ms, found 1 plugins.
Preloading 0 native plugins for Editor in 0.00 ms.
Unloading 1806 Unused Serialized files (Serialized files now loaded: 0)
System memory in use before: 88.9 MB.
System memory in use after: 88.8 MB.

Unloading 12 unused Assets to reduce memory usage. Loaded Objects now: 2361.
Total: 1.687400 ms (FindLiveObjects: 0.168500 ms CreateObjectMapping: 0.057600 ms MarkObjects: 1.374400 ms  DeleteObjects: 0.086200 ms)

========================================================================
Received Import Request.
  Time since last request: 118.548109 seconds.
  path: Assets/Script/Camera.cs
  artifactKey: Guid(3470e75e202bccb4f95951482c8f4582) Importer(815301076,1909f56bfc062723c751e8b465ee728b)
Start importing Assets/Script/Camera.cs using Guid(3470e75e202bccb4f95951482c8f4582) Importer(815301076,1909f56bfc062723c751e8b465ee728b)  -> (artifact id: 'ef53f495853c6ba2db57d53d28244cf8') in 0.007426 seconds
  Import took 0.009974 seconds .

========================================================================
Received Prepare
Registering precompiled user dll's ...
Registered in 0.001063 seconds.
Begin MonoManager ReloadAssembly
Native extension for WindowsStandalone target not found
Native extension for WebGL target not found
Refreshing native plugins compatible for Editor in 0.32 ms, found 1 plugins.
Preloading 0 native plugins for Editor in 0.00 ms.
Mono: successfully reloaded assembly
- Completed reload, in  0.686 seconds
Platform modules already initialized, skipping
Refreshing native plugins compatible for Editor in 0.49 ms, found 1 plugins.
Preloading 0 native plugins for Editor in 0.00 ms.
Unloading 1806 Unused Serialized files (Serialized files now loaded: 0)
System memory in use before: 88.9 MB.
System memory in use after: 88.9 MB.

Unloading 12 unused Assets to reduce memory usage. Loaded Objects now: 2365.
Total: 1.807600 ms (FindLiveObjects: 0.181100 ms CreateObjectMapping: 0.062100 ms MarkObjects: 1.444800 ms  DeleteObjects: 0.118700 ms)

========================================================================
Received Prepare
Registering precompiled user dll's ...
Registered in 0.001076 seconds.
Begin MonoManager ReloadAssembly
Native extension for WindowsStandalone target not found
Native extension for WebGL target not found
Refreshing native plugins compatible for Editor in 0.31 ms, found 1 plugins.
Preloading 0 native plugins for Editor in 0.00 ms.
Mono: successfully reloaded assembly
- Completed reload, in  0.734 seconds
Platform modules already initialized, skipping
Refreshing native plugins compatible for Editor in 0.30 ms, found 1 plugins.
Preloading 0 native plugins for Editor in 0.00 ms.
Unloading 1806 Unused Serialized files (Serialized files now loaded: 0)
System memory in use before: 88.9 MB.
System memory in use after: 88.9 MB.

Unloading 12 unused Assets to reduce memory usage. Loaded Objects now: 2369.
Total: 1.564300 ms (FindLiveObjects: 0.156200 ms CreateObjectMapping: 0.055500 ms MarkObjects: 1.272800 ms  DeleteObjects: 0.079200 ms)

========================================================================
Received Prepare
Registering precompiled user dll's ...
Registered in 0.000955 seconds.
Begin MonoManager ReloadAssembly
Native extension for WindowsStandalone target not found
Native extension for WebGL target not found
Refreshing native plugins compatible for Editor in 0.31 ms, found 1 plugins.
Preloading 0 native plugins for Editor in 0.00 ms.
Mono: successfully reloaded assembly
- Completed reload, in  0.674 seconds
Platform modules already initialized, skipping
Refreshing native plugins compatible for Editor in 0.30 ms, found 1 plugins.
Preloading 0 native plugins for Editor in 0.00 ms.
Unloading 1806 Unused Serialized files (Serialized files now loaded: 0)
System memory in use before: 88.9 MB.
System memory in use after: 88.9 MB.

Unloading 12 unused Assets to reduce memory usage. Loaded Objects now: 2373.
Total: 1.567400 ms (FindLiveObjects: 0.157600 ms CreateObjectMapping: 0.054500 ms MarkObjects: 1.275100 ms  DeleteObjects: 0.079600 ms)

========================================================================
Received Prepare
Registering precompiled user dll's ...
Registered in 0.000958 seconds.
Begin MonoManager ReloadAssembly
Native extension for WindowsStandalone target not found
Native extension for WebGL target not found
Refreshing native plugins compatible for Editor in 0.31 ms, found 1 plugins.
Preloading 0 native plugins for Editor in 0.00 ms.
Mono: successfully reloaded assembly
- Completed reload, in  0.662 seconds
Platform modules already initialized, skipping
Refreshing native plugins compatible for Editor in 0.36 ms, found 1 plugins.
Preloading 0 native plugins for Editor in 0.00 ms.
Unloading 1806 Unused Serialized files (Serialized files now loaded: 0)
System memory in use before: 88.9 MB.
System memory in use after: 88.9 MB.

Unloading 12 unused Assets to reduce memory usage. Loaded Objects now: 2377.
Total: 1.632600 ms (FindLiveObjects: 0.166800 ms CreateObjectMapping: 0.060600 ms MarkObjects: 1.316100 ms  DeleteObjects: 0.088200 ms)

========================================================================
Received Import Request.
  Time since last request: 133.768439 seconds.
  path: Assets/Script/GameManager.prefab
  artifactKey: Guid(d78cba63a3382614692eecb25485fad6) Importer(815301076,1909f56bfc062723c751e8b465ee728b)
Start importing Assets/Script/GameManager.prefab using Guid(d78cba63a3382614692eecb25485fad6) Importer(815301076,1909f56bfc062723c751e8b465ee728b)  -> (artifact id: 'e384a850714e490deacc655b244c81e4') in 0.021044 seconds
  Import took 0.023471 seconds .

========================================================================
Received Prepare
Registering precompiled user dll's ...
Registered in 0.000985 seconds.
Begin MonoManager ReloadAssembly
Native extension for WindowsStandalone target not found
Native extension for WebGL target not found
Refreshing native plugins compatible for Editor in 0.32 ms, found 1 plugins.
Preloading 0 native plugins for Editor in 0.00 ms.
Mono: successfully reloaded assembly
- Completed reload, in  0.690 seconds
Platform modules already initialized, skipping
Refreshing native plugins compatible for Editor in 0.30 ms, found 1 plugins.
Preloading 0 native plugins for Editor in 0.00 ms.
Unloading 1806 Unused Serialized files (Serialized files now loaded: 0)
System memory in use before: 88.9 MB.
System memory in use after: 88.9 MB.

Unloading 12 unused Assets to reduce memory usage. Loaded Objects now: 2381.
Total: 1.761900 ms (FindLiveObjects: 0.172000 ms CreateObjectMapping: 0.066000 ms MarkObjects: 1.438300 ms  DeleteObjects: 0.084900 ms)

========================================================================
Received Prepare
Registering precompiled user dll's ...
Registered in 0.001050 seconds.
Begin MonoManager ReloadAssembly
Native extension for WindowsStandalone target not found
Native extension for WebGL target not found
Refreshing native plugins compatible for Editor in 0.26 ms, found 1 plugins.
Preloading 0 native plugins for Editor in 0.00 ms.
Mono: successfully reloaded assembly
- Completed reload, in  0.709 seconds
Platform modules already initialized, skipping
Refreshing native plugins compatible for Editor in 0.31 ms, found 1 plugins.
Preloading 0 native plugins for Editor in 0.00 ms.
Unloading 1806 Unused Serialized files (Serialized files now loaded: 0)
System memory in use before: 88.9 MB.
System memory in use after: 88.9 MB.

Unloading 12 unused Assets to reduce memory usage. Loaded Objects now: 2385.
Total: 1.652500 ms (FindLiveObjects: 0.159300 ms CreateObjectMapping: 0.053000 ms MarkObjects: 1.359100 ms  DeleteObjects: 0.080300 ms)

========================================================================
Received Prepare
Registering precompiled user dll's ...
Registered in 0.001063 seconds.
Begin MonoManager ReloadAssembly
Native extension for WindowsStandalone target not found
Native extension for WebGL target not found
Refreshing native plugins compatible for Editor in 0.31 ms, found 1 plugins.
Preloading 0 native plugins for Editor in 0.00 ms.
Mono: successfully reloaded assembly
- Completed reload, in  0.681 seconds
Platform modules already initialized, skipping
Refreshing native plugins compatible for Editor in 0.39 ms, found 1 plugins.
Preloading 0 native plugins for Editor in 0.00 ms.
Unloading 1806 Unused Serialized files (Serialized files now loaded: 0)
System memory in use before: 88.9 MB.
System memory in use after: 88.9 MB.

Unloading 12 unused Assets to reduce memory usage. Loaded Objects now: 2389.
Total: 1.660500 ms (FindLiveObjects: 0.176000 ms CreateObjectMapping: 0.059100 ms MarkObjects: 1.328800 ms  DeleteObjects: 0.095800 ms)

========================================================================
Received Prepare
Registering precompiled user dll's ...
Registered in 0.001118 seconds.
Begin MonoManager ReloadAssembly
Native extension for WindowsStandalone target not found
Native extension for WebGL target not found
Refreshing native plugins compatible for Editor in 0.34 ms, found 1 plugins.
Preloading 0 native plugins for Editor in 0.00 ms.
Mono: successfully reloaded assembly
- Completed reload, in  0.688 seconds
Platform modules already initialized, skipping
Refreshing native plugins compatible for Editor in 0.30 ms, found 1 plugins.
Preloading 0 native plugins for Editor in 0.00 ms.
Unloading 1806 Unused Serialized files (Serialized files now loaded: 0)
System memory in use before: 88.9 MB.
System memory in use after: 88.9 MB.

Unloading 12 unused Assets to reduce memory usage. Loaded Objects now: 2393.
Total: 1.572700 ms (FindLiveObjects: 0.161500 ms CreateObjectMapping: 0.054300 ms MarkObjects: 1.274000 ms  DeleteObjects: 0.082000 ms)

========================================================================
Received Prepare
Registering precompiled user dll's ...
Registered in 0.000946 seconds.
Begin MonoManager ReloadAssembly
Native extension for WindowsStandalone target not found
Native extension for WebGL target not found
Refreshing native plugins compatible for Editor in 0.31 ms, found 1 plugins.
Preloading 0 native plugins for Editor in 0.00 ms.
Mono: successfully reloaded assembly
- Completed reload, in  0.685 seconds
Platform modules already initialized, skipping
Refreshing native plugins compatible for Editor in 0.31 ms, found 1 plugins.
Preloading 0 native plugins for Editor in 0.00 ms.
Unloading 1806 Unused Serialized files (Serialized files now loaded: 0)
System memory in use before: 88.9 MB.
System memory in use after: 88.9 MB.

Unloading 12 unused Assets to reduce memory usage. Loaded Objects now: 2397.
Total: 1.605300 ms (FindLiveObjects: 0.161700 ms CreateObjectMapping: 0.057200 ms MarkObjects: 1.309600 ms  DeleteObjects: 0.076300 ms)

========================================================================
Received Prepare
Registering precompiled user dll's ...
Registered in 0.000956 seconds.
Begin MonoManager ReloadAssembly
Native extension for WindowsStandalone target not found
Native extension for WebGL target not found
Refreshing native plugins compatible for Editor in 0.32 ms, found 1 plugins.
Preloading 0 native plugins for Editor in 0.00 ms.
Mono: successfully reloaded assembly
- Completed reload, in  0.681 seconds
Platform modules already initialized, skipping
Refreshing native plugins compatible for Editor in 0.31 ms, found 1 plugins.
Preloading 0 native plugins for Editor in 0.00 ms.
Unloading 1806 Unused Serialized files (Serialized files now loaded: 0)
System memory in use before: 89.0 MB.
System memory in use after: 88.9 MB.

Unloading 12 unused Assets to reduce memory usage. Loaded Objects now: 2401.
Total: 1.589300 ms (FindLiveObjects: 0.157800 ms CreateObjectMapping: 0.054700 ms MarkObjects: 1.293000 ms  DeleteObjects: 0.083200 ms)

========================================================================
Received Import Request.
  Time since last request: 269.186223 seconds.
  path: Assets/Script/GameManager.cs
  artifactKey: Guid(06ee3b74940b1e746afe8cf7edeea120) Importer(815301076,1909f56bfc062723c751e8b465ee728b)
Start importing Assets/Script/GameManager.cs using Guid(06ee3b74940b1e746afe8cf7edeea120) Importer(815301076,1909f56bfc062723c751e8b465ee728b)  -> (artifact id: '2f47cc1ad01ed3dbac3953c8d773fa7e') in 0.004738 seconds
  Import took 0.007202 seconds .

========================================================================
Received Import Request.
  Time since last request: 0.000866 seconds.
  path: Assets/Script/GameManager.cs
  artifactKey: Guid(06ee3b74940b1e746afe8cf7edeea120) Importer(815301076,1909f56bfc062723c751e8b465ee728b)
Start importing Assets/Script/GameManager.cs using Guid(06ee3b74940b1e746afe8cf7edeea120) Importer(815301076,1909f56bfc062723c751e8b465ee728b)  -> (artifact id: '2f47cc1ad01ed3dbac3953c8d773fa7e') in 0.002562 seconds
  Import took 0.005064 seconds .

========================================================================
Received Prepare
Registering precompiled user dll's ...
Registered in 0.001103 seconds.
Begin MonoManager ReloadAssembly
Native extension for WindowsStandalone target not found
Native extension for WebGL target not found
Refreshing native plugins compatible for Editor in 0.33 ms, found 1 plugins.
Preloading 0 native plugins for Editor in 0.00 ms.
Mono: successfully reloaded assembly
- Completed reload, in  0.729 seconds
Platform modules already initialized, skipping
Refreshing native plugins compatible for Editor in 0.31 ms, found 1 plugins.
Preloading 0 native plugins for Editor in 0.00 ms.
Unloading 1805 Unused Serialized files (Serialized files now loaded: 0)
System memory in use before: 88.9 MB.
System memory in use after: 88.9 MB.

Unloading 13 unused Assets to reduce memory usage. Loaded Objects now: 2404.
Total: 1.625000 ms (FindLiveObjects: 0.166200 ms CreateObjectMapping: 0.058100 ms MarkObjects: 1.308900 ms  DeleteObjects: 0.091100 ms)

========================================================================
Received Prepare
Registering precompiled user dll's ...
Registered in 0.001025 seconds.
Begin MonoManager ReloadAssembly
Native extension for WindowsStandalone target not found
Native extension for WebGL target not found
Refreshing native plugins compatible for Editor in 0.32 ms, found 1 plugins.
Preloading 0 native plugins for Editor in 0.00 ms.
Mono: successfully reloaded assembly
- Completed reload, in  0.764 seconds
Platform modules already initialized, skipping
Refreshing native plugins compatible for Editor in 0.31 ms, found 1 plugins.
Preloading 0 native plugins for Editor in 0.00 ms.
Unloading 1805 Unused Serialized files (Serialized files now loaded: 0)
System memory in use before: 89.0 MB.
System memory in use after: 88.9 MB.

Unloading 12 unused Assets to reduce memory usage. Loaded Objects now: 2408.
Total: 1.580300 ms (FindLiveObjects: 0.161300 ms CreateObjectMapping: 0.058300 ms MarkObjects: 1.278800 ms  DeleteObjects: 0.081200 ms)

========================================================================
Received Import Request.
  Time since last request: 4.915337 seconds.
  path: Assets/Script/GameManager.prefab
  artifactKey: Guid(d78cba63a3382614692eecb25485fad6) Importer(815301076,1909f56bfc062723c751e8b465ee728b)
Start importing Assets/Script/GameManager.prefab using Guid(d78cba63a3382614692eecb25485fad6) Importer(815301076,1909f56bfc062723c751e8b465ee728b)  -> (artifact id: '3203784a8495685e898b0cea51b90430') in 0.019709 seconds
  Import took 0.022043 seconds .

========================================================================
Received Import Request.
  Time since last request: 6.690586 seconds.
  path: Assets/Script/Camera.cs
  artifactKey: Guid(3470e75e202bccb4f95951482c8f4582) Importer(815301076,1909f56bfc062723c751e8b465ee728b)
Start importing Assets/Script/Camera.cs using Guid(3470e75e202bccb4f95951482c8f4582) Importer(815301076,1909f56bfc062723c751e8b465ee728b)  -> (artifact id: '145e76b009a23e57d11e89fbf0ff7c55') in 0.002390 seconds
  Import took 0.004771 seconds .

========================================================================
Received Import Request.
  Time since last request: 0.000767 seconds.
  path: Assets/Script/Camera.cs
  artifactKey: Guid(3470e75e202bccb4f95951482c8f4582) Importer(815301076,1909f56bfc062723c751e8b465ee728b)
Start importing Assets/Script/Camera.cs using Guid(3470e75e202bccb4f95951482c8f4582) Importer(815301076,1909f56bfc062723c751e8b465ee728b)  -> (artifact id: '145e76b009a23e57d11e89fbf0ff7c55') in 0.002166 seconds
  Import took 0.004305 seconds .

========================================================================
Received Prepare
Registering precompiled user dll's ...
Registered in 0.001025 seconds.
Begin MonoManager ReloadAssembly
Native extension for WindowsStandalone target not found
Native extension for WebGL target not found
Refreshing native plugins compatible for Editor in 0.31 ms, found 1 plugins.
Preloading 0 native plugins for Editor in 0.00 ms.
Mono: successfully reloaded assembly
- Completed reload, in  0.670 seconds
Platform modules already initialized, skipping
Refreshing native plugins compatible for Editor in 0.33 ms, found 1 plugins.
Preloading 0 native plugins for Editor in 0.00 ms.
Unloading 1805 Unused Serialized files (Serialized files now loaded: 0)
System memory in use before: 89.0 MB.
System memory in use after: 88.9 MB.

Unloading 12 unused Assets to reduce memory usage. Loaded Objects now: 2412.
Total: 1.569800 ms (FindLiveObjects: 0.163200 ms CreateObjectMapping: 0.059600 ms MarkObjects: 1.265400 ms  DeleteObjects: 0.081000 ms)

========================================================================
Received Prepare
Registering precompiled user dll's ...
Registered in 0.001032 seconds.
Begin MonoManager ReloadAssembly
Native extension for WindowsStandalone target not found
Native extension for WebGL target not found
Refreshing native plugins compatible for Editor in 0.31 ms, found 1 plugins.
Preloading 0 native plugins for Editor in 0.00 ms.
Mono: successfully reloaded assembly
- Completed reload, in  0.692 seconds
Platform modules already initialized, skipping
Refreshing native plugins compatible for Editor in 0.31 ms, found 1 plugins.
Preloading 0 native plugins for Editor in 0.00 ms.
Unloading 1805 Unused Serialized files (Serialized files now loaded: 0)
System memory in use before: 89.0 MB.
System memory in use after: 88.9 MB.

Unloading 12 unused Assets to reduce memory usage. Loaded Objects now: 2416.
Total: 1.572500 ms (FindLiveObjects: 0.159300 ms CreateObjectMapping: 0.059600 ms MarkObjects: 1.275300 ms  DeleteObjects: 0.077700 ms)

========================================================================
Received Import Request.
  Time since last request: 41.593913 seconds.
  path: Assets/Script/Camera.cs
  artifactKey: Guid(3470e75e202bccb4f95951482c8f4582) Importer(815301076,1909f56bfc062723c751e8b465ee728b)
Start importing Assets/Script/Camera.cs using Guid(3470e75e202bccb4f95951482c8f4582) Importer(815301076,1909f56bfc062723c751e8b465ee728b)  -> (artifact id: 'fd092712702db7b3c263d62ae38cf56d') in 0.004472 seconds
  Import took 0.006939 seconds .

========================================================================
Received Prepare
Registering precompiled user dll's ...
Registered in 0.001123 seconds.
Begin MonoManager ReloadAssembly
Native extension for WindowsStandalone target not found
Native extension for WebGL target not found
Refreshing native plugins compatible for Editor in 0.32 ms, found 1 plugins.
Preloading 0 native plugins for Editor in 0.00 ms.
Mono: successfully reloaded assembly
- Completed reload, in  0.676 seconds
Platform modules already initialized, skipping
Refreshing native plugins compatible for Editor in 0.31 ms, found 1 plugins.
Preloading 0 native plugins for Editor in 0.00 ms.
Unloading 1805 Unused Serialized files (Serialized files now loaded: 0)
System memory in use before: 89.0 MB.
System memory in use after: 89.0 MB.

Unloading 12 unused Assets to reduce memory usage. Loaded Objects now: 2420.
Total: 1.752200 ms (FindLiveObjects: 0.158000 ms CreateObjectMapping: 0.060100 ms MarkObjects: 1.444400 ms  DeleteObjects: 0.089200 ms)

========================================================================
Received Prepare
Registering precompiled user dll's ...
Registered in 0.001117 seconds.
Begin MonoManager ReloadAssembly
Native extension for WindowsStandalone target not found
Native extension for WebGL target not found
Refreshing native plugins compatible for Editor in 0.31 ms, found 1 plugins.
Preloading 0 native plugins for Editor in 0.00 ms.
Mono: successfully reloaded assembly
- Completed reload, in  0.678 seconds
Platform modules already initialized, skipping
Refreshing native plugins compatible for Editor in 0.31 ms, found 1 plugins.
Preloading 0 native plugins for Editor in 0.00 ms.
Unloading 1805 Unused Serialized files (Serialized files now loaded: 0)
System memory in use before: 89.0 MB.
System memory in use after: 89.0 MB.

Unloading 12 unused Assets to reduce memory usage. Loaded Objects now: 2424.
Total: 1.600900 ms (FindLiveObjects: 0.163500 ms CreateObjectMapping: 0.057300 ms MarkObjects: 1.297900 ms  DeleteObjects: 0.081200 ms)

AssetImportWorkerClient::OnTransportError - code=2 error=End of file
